2025-09-23 11:00:11, MOVE, v:1, k:toalha, mode:PICK
2025-09-23 11:00:15, MOVE, v:1, k:toalha, mode:BACK
2025-09-23 11:00:33, MOVE, v:1, k:toalha, mode:PICK
2025-09-23 11:00:34, EXEC, v:1, k:toalha, mode:FREE, size:55
2025-09-23 11:27:06, EXEC, v:1, k:toalha, mode:FREE, size:50
2025-09-23 11:27:27, MOVE, v:1, k:toalha, mode:PICK
2025-09-23 11:27:33, EXEC, v:1, k:toalha, mode:FREE
2025-09-23 11:30:14, MOVE, v:1, k:toalha, mode:PICK
2025-09-23 11:30:16, EXEC, v:1, k:toalha, mode:FREE
2025-09-23 11:30:48, MOVE, v:1, k:toalha, mode:BACK
2025-09-23 11:40:23, MOVE, v:1, k:toalha, mode:PICK
2025-09-23 11:40:24, EXEC, v:1, k:toalha, mode:FREE, size:73
2025-09-23 11:42:43, MOVE, v:1, k:toalha, mode:BACK
2025-09-23 11:43:45, MOVE, v:1, k:enxugar, mode:DOWN
2025-09-23 12:00:37, MOVE, v:1, k:enxugar, mode:PICK
2025-09-23 12:00:38, EXEC, v:1, k:enxugar, mode:FREE, size:56
2025-09-23 12:01:05, EXEC, v:1, k:enxugar, mode:FULL, rate:0
2025-09-23 12:01:13, MOVE, v:1, k:enxugar, mode:BACK
2025-09-23 12:01:49, MOVE, v:1, k:enxugar, mode:PICK
2025-09-23 12:01:50, EXEC, v:1, k:enxugar, mode:FREE, size:55
2025-09-23 12:02:07, MOVE, v:1, k:enxugar, mode:BACK
2025-09-23 12:07:16, MOVE, v:1, k:enxugar, mode:PICK
2025-09-23 12:07:18, EXEC, v:1, k:enxugar, mode:FULL, rate:0, size:76
2025-09-23 12:08:07, EXEC, v:1, k:enxugar, mode:FULL, rate:20, size:76
2025-09-23 12:09:45, EXEC, v:1, k:enxugar, mode:FULL, rate:50, size:76
2025-09-23 12:10:18, EXEC, v:1, k:enxugar, mode:FULL, rate:30, size:76
2025-09-23 12:10:56, EXEC, v:1, k:enxugar, mode:FULL, rate:30
2025-09-23 12:11:36, EXEC, v:1, k:enxugar, mode:FULL, rate:60, size:76
2025-09-23 12:12:01, EXEC, v:1, k:enxugar, mode:FREE
2025-09-23 12:13:29, EXEC, v:1, k:enxugar, mode:FULL, rate:100, size:76
2025-09-23 12:13:35, MOVE, v:1, k:enxugar, mode:BACK
2025-09-23 20:33:39, MOVE, v:1, k:animal, mode:DOWN
2025-09-23 21:04:32, MOVE, v:1, k:animal, mode:PICK
2025-09-23 21:04:35, EXEC, v:1, k:animal, mode:FREE, size:51
2025-09-23 21:04:52, EXEC, v:1, k:animal, mode:FREE, size:53
2025-09-23 22:04:48, EXEC, v:1, k:animal, mode:FULL, rate:100, size:94
2025-09-23 22:04:57, MOVE, v:1, k:animal, mode:BACK
2025-09-23 22:07:08, SELF, v:1, k:animal, rate:100, iagen:s, other:s, alone:8, study:90
